<?xml version="1.0" encoding="UTF-8"?>
<!-- Generated by org.testng.reporters.JUnitReportReporter -->
<testsuite hostname="DESKTOP-JKR11RL" failures="0" tests="2" name="pack2.OrgTest" time="0.004" errors="0" timestamp="2025-06-25T12:45:06 IST" skipped="0">
  <testcase classname="pack2.OrgTest" name="createOrgTest" time="0.002"/>
  <system-out/>
  <testcase classname="pack2.OrgTest" name="modifyContactTest" time="0.002"/>
  <system-out/>
</testsuite> <!-- pack2.OrgTest -->
