<?xml version="1.0" encoding="UTF-8"?>
<!-- Generated by org.testng.reporters.JUnitReportReporter -->
<testsuite hostname="DESKTOP-JKR11RL" failures="0" tests="2" name="pack1.ContactTest" time="0.009" errors="0" timestamp="2025-06-25T12:45:06 IST" skipped="0">
  <testcase classname="pack1.ContactTest" name="modifyContactTest" time="0.001"/>
  <system-out/>
  <testcase classname="pack1.ContactTest" name="createContactTest" time="0.008"/>
  <system-out/>
</testsuite> <!-- pack1.ContactTest -->
