<?xml version="1.0" encoding="UTF-8"?>
<!-- Generated by org.testng.reporters.JUnitReportReporter -->
<testsuite hostname="DESKTOP-JKR11RL" failures="0" tests="2" name="pack1.ContactTest" time="0.006" errors="0" timestamp="2025-06-23T16:15:53 IST" skipped="0">
  <testcase classname="pack1.ContactTest" name="modifyContactTest" time="0.000"/>
  <system-out/>
  <testcase classname="pack1.ContactTest" name="createContactTest" time="0.006"/>
  <system-out/>
</testsuite> <!-- pack1.ContactTest -->
